<?xml version="1.0" encoding="UTF-8"?>
<!-- Generated by org.testng.reporters.JUnitReportReporter -->
<testsuite hostname="DESKTOP-CLRQHKA" failures="0" tests="1" name="comGoogleTests.SearchResultsTests" time="19.747" errors="0" timestamp="2020-06-21T16:08:46 EET" skipped="0">
  <testcase classname="comGoogleTests.SearchResultsTests" name="compareBetweenSearchResultOfPage2AndPage3" time="19.747"/>
</testsuite> <!-- comGoogleTests.SearchResultsTests -->
